<?xml version="1.0" encoding="UTF-8"?>
<!-- Generated by org.testng.reporters.JUnitReportReporter -->
<testsuite hostname="DESKTOP-021M41B" failures="0" tests="1" name="TestCases.VerifyLoginTestCase" time="15.231" errors="0" timestamp="2022-09-03T11:14:32 IST" skipped="0">
  <testcase classname="TestCases.VerifyLoginTestCase" name="login" time="15.231"/>
  <system-out/>
</testsuite> <!-- TestCases.VerifyLoginTestCase -->
