<?xml version="1.0" encoding="UTF-8"?>
<!-- Generated by org.testng.reporters.JUnitReportReporter -->
<testsuite hostname="DESKTOP-021M41B" failures="0" tests="1" name="TestCases.VerifyLoginTestCases" time="8.385" errors="0" timestamp="2022-08-29T15:05:11 IST" skipped="0">
  <testcase classname="TestCases.VerifyLoginTestCases" name="login" time="8.385"/>
  <system-out/>
</testsuite> <!-- TestCases.VerifyLoginTestCases -->
